<?xml version="1.0" encoding="UTF-8"?>
<testng-results ignored="0" total="15" passed="13" failed="2" skipped="0">
  <reporter-output>
  </reporter-output>
  <suite started-at="2023-09-18T15:23:59 IST" name="Suite" finished-at="2023-09-18T15:28:48 IST" duration-ms="289494">
    <groups>
    </groups>
    <test started-at="2023-09-18T15:23:59 IST" name="Test" finished-at="2023-09-18T15:28:48 IST" duration-ms="289494">
      <class name="com.tcartSite.Tcarts_Food_PreOrder">
        <test-method signature="browserLaunch()[pri:0, instance:com.tcartSite.Tcarts_Food_PreOrder@1dc3502b]" started-at="2023-09-18T15:23:59 IST" name="browserLaunch" finished-at="2023-09-18T15:24:02 IST" duration-ms="3168" status="PASS">
          <reporter-output>
          </reporter-output>
        </test-method> <!-- browserLaunch -->
        <test-method signature="dashboard()[pri:1, instance:com.tcartSite.Tcarts_Food_PreOrder@1dc3502b]" started-at="2023-09-18T15:24:02 IST" name="dashboard" finished-at="2023-09-18T15:24:13 IST" duration-ms="11234" status="PASS">
          <reporter-output>
          </reporter-output>
        </test-method> <!-- dashboard -->
        <test-method signature="sales()[pri:2, instance:com.tcartSite.Tcarts_Food_PreOrder@1dc3502b]" started-at="2023-09-18T15:24:13 IST" name="sales" finished-at="2023-09-18T15:24:44 IST" duration-ms="30860" status="PASS">
          <reporter-output>
          </reporter-output>
        </test-method> <!-- sales -->
        <test-method signature="student()[pri:3, instance:com.tcartSite.Tcarts_Food_PreOrder@1dc3502b]" started-at="2023-09-18T15:24:44 IST" name="student" finished-at="2023-09-18T15:24:47 IST" duration-ms="3152" status="FAIL">
          <exception class="org.openqa.selenium.ElementClickInterceptedException">
            <message>
              <![CDATA[Element <button class="btn btn-secondary buttons-add btn-success" type="button"> is not clickable at point (922,169) because another element <div id="loader"> obscures it
Build info: version: '4.11.0', revision: '040bc5406b'
System info: os.name: 'Linux', os.arch: 'amd64', os.version: '5.15.0-83-generic', java.version: '17.0.8'
Driver info: org.openqa.selenium.firefox.FirefoxDriver
Command: [37b3eca4-eeca-4e91-b12e-5a65dd94e3d4, clickElement {id=760366f3-3e3c-4d7b-ba28-5385ff2301ac}]
Capabilities {acceptInsecureCerts: true, browserName: firefox, browserVersion: 117.0.1, moz:accessibilityChecks: false, moz:buildID: 20230912013654, moz:debuggerAddress: 127.0.0.1:16446, moz:geckodriverVersion: 0.33.0, moz:headless: false, moz:platformVersion: 5.15.0-83-generic, moz:processID: 4607, moz:profile: /tmp/rust_mozprofilesP1Uva, moz:shutdownTimeout: 60000, moz:webdriverClick: true, moz:windowless: false, pageLoadStrategy: normal, platformName: linux, proxy: Proxy(), se:cdp: ws://127.0.0.1:16446/devtoo..., se:cdpVersion: 85.0, setWindowRect: true, strictFileInteractability: false, timeouts: {implicit: 0, pageLoad: 300000, script: 30000}, unhandledPromptBehavior: dismiss and notify}
Element: [[FirefoxDriver: firefox on linux (37b3eca4-eeca-4e91-b12e-5a65dd94e3d4)] -> xpath: //button[normalize-space()='New']]
Session ID: 37b3eca4-eeca-4e91-b12e-5a65dd94e3d4]]>
            </message>
            <full-stacktrace>
              <![CDATA[org.openqa.selenium.ElementClickInterceptedException: Element <button class="btn btn-secondary buttons-add btn-success" type="button"> is not clickable at point (922,169) because another element <div id="loader"> obscures it
Build info: version: '4.11.0', revision: '040bc5406b'
System info: os.name: 'Linux', os.arch: 'amd64', os.version: '5.15.0-83-generic', java.version: '17.0.8'
Driver info: org.openqa.selenium.firefox.FirefoxDriver
Command: [37b3eca4-eeca-4e91-b12e-5a65dd94e3d4, clickElement {id=760366f3-3e3c-4d7b-ba28-5385ff2301ac}]
Capabilities {acceptInsecureCerts: true, browserName: firefox, browserVersion: 117.0.1, moz:accessibilityChecks: false, moz:buildID: 20230912013654, moz:debuggerAddress: 127.0.0.1:16446, moz:geckodriverVersion: 0.33.0, moz:headless: false, moz:platformVersion: 5.15.0-83-generic, moz:processID: 4607, moz:profile: /tmp/rust_mozprofilesP1Uva, moz:shutdownTimeout: 60000, moz:webdriverClick: true, moz:windowless: false, pageLoadStrategy: normal, platformName: linux, proxy: Proxy(), se:cdp: ws://127.0.0.1:16446/devtoo..., se:cdpVersion: 85.0, setWindowRect: true, strictFileInteractability: false, timeouts: {implicit: 0, pageLoad: 300000, script: 30000}, unhandledPromptBehavior: dismiss and notify}
Element: [[FirefoxDriver: firefox on linux (37b3eca4-eeca-4e91-b12e-5a65dd94e3d4)] -> xpath: //button[normalize-space()='New']]
Session ID: 37b3eca4-eeca-4e91-b12e-5a65dd94e3d4
at java.base/jdk.internal.reflect.NativeConstructorAccessorImpl.newInstance0(Native Method)
at java.base/jdk.internal.reflect.NativeConstructorAccessorImpl.newInstance(NativeConstructorAccessorImpl.java:77)
at java.base/jdk.internal.reflect.DelegatingConstructorAccessorImpl.newInstance(DelegatingConstructorAccessorImpl.java:45)
at java.base/java.lang.reflect.Constructor.newInstanceWithCaller(Constructor.java:499)
at java.base/java.lang.reflect.Constructor.newInstance(Constructor.java:480)
at org.openqa.selenium.remote.codec.w3c.W3CHttpResponseCodec.createException(W3CHttpResponseCodec.java:200)
at org.openqa.selenium.remote.codec.w3c.W3CHttpResponseCodec.decode(W3CHttpResponseCodec.java:133)
at org.openqa.selenium.remote.codec.w3c.W3CHttpResponseCodec.decode(W3CHttpResponseCodec.java:52)
at org.openqa.selenium.remote.HttpCommandExecutor.execute(HttpCommandExecutor.java:191)
at org.openqa.selenium.remote.service.DriverCommandExecutor.invokeExecute(DriverCommandExecutor.java:196)
at org.openqa.selenium.remote.service.DriverCommandExecutor.execute(DriverCommandExecutor.java:171)
at org.openqa.selenium.remote.RemoteWebDriver.execute(RemoteWebDriver.java:518)
at org.openqa.selenium.remote.RemoteWebElement.execute(RemoteWebElement.java:224)
at org.openqa.selenium.remote.RemoteWebElement.click(RemoteWebElement.java:77)
at jdk.internal.reflect.GeneratedMethodAccessor2.invoke(Unknown Source)
at java.base/jdk.internal.reflect.DelegatingMethodAccessorImpl.invoke(DelegatingMethodAccessorImpl.java:43)
at java.base/java.lang.reflect.Method.invoke(Method.java:568)
at org.openqa.selenium.support.pagefactory.internal.LocatingElementHandler.invoke(LocatingElementHandler.java:51)
at jdk.proxy2/jdk.proxy2.$Proxy14.click(Unknown Source)
at com.baseClass.BaseClass.clickonelement(BaseClass.java:79)
at com.tcartSite.Tcarts_Food_PreOrder.student(Tcarts_Food_PreOrder.java:131)
at java.base/jdk.internal.reflect.NativeMethodAccessorImpl.invoke0(Native Method)
at java.base/jdk.internal.reflect.NativeMethodAccessorImpl.invoke(NativeMethodAccessorImpl.java:77)
at java.base/jdk.internal.reflect.DelegatingMethodAccessorImpl.invoke(DelegatingMethodAccessorImpl.java:43)
at java.base/java.lang.reflect.Method.invoke(Method.java:568)
at org.testng.internal.invokers.MethodInvocationHelper.invokeMethod(MethodInvocationHelper.java:139)
at org.testng.internal.invokers.TestInvoker.invokeMethod(TestInvoker.java:664)
at org.testng.internal.invokers.TestInvoker.invokeTestMethod(TestInvoker.java:227)
at org.testng.internal.invokers.MethodRunner.runInSequence(MethodRunner.java:50)
at org.testng.internal.invokers.TestInvoker$MethodInvocationAgent.invoke(TestInvoker.java:957)
at org.testng.internal.invokers.TestInvoker.invokeTestMethods(TestInvoker.java:200)
at org.testng.internal.invokers.TestMethodWorker.invokeTestMethods(TestMethodWorker.java:148)
at org.testng.internal.invokers.TestMethodWorker.run(TestMethodWorker.java:128)
at java.base/java.util.ArrayList.forEach(ArrayList.java:1511)
at org.testng.TestRunner.privateRun(TestRunner.java:848)
at org.testng.TestRunner.run(TestRunner.java:621)
at org.testng.SuiteRunner.runTest(SuiteRunner.java:443)
at org.testng.SuiteRunner.runSequentially(SuiteRunner.java:437)
at org.testng.SuiteRunner.privateRun(SuiteRunner.java:397)
at org.testng.SuiteRunner.run(SuiteRunner.java:336)
at org.testng.SuiteRunnerWorker.runSuite(SuiteRunnerWorker.java:52)
at org.testng.SuiteRunnerWorker.run(SuiteRunnerWorker.java:95)
at org.testng.TestNG.runSuitesSequentially(TestNG.java:1280)
at org.testng.TestNG.runSuitesLocally(TestNG.java:1200)
at org.testng.TestNG.runSuites(TestNG.java:1114)
at org.testng.TestNG.run(TestNG.java:1082)
at org.testng.remote.AbstractRemoteTestNG.run(AbstractRemoteTestNG.java:115)
at org.testng.remote.RemoteTestNG.initAndRun(RemoteTestNG.java:251)
at org.testng.remote.RemoteTestNG.main(RemoteTestNG.java:77)
]]>
            </full-stacktrace>
          </exception> <!-- org.openqa.selenium.ElementClickInterceptedException -->
          <reporter-output>
          </reporter-output>
        </test-method> <!-- student -->
        <test-method signature="staff()[pri:4, instance:com.tcartSite.Tcarts_Food_PreOrder@1dc3502b]" started-at="2023-09-18T15:24:47 IST" name="staff" finished-at="2023-09-18T15:25:15 IST" duration-ms="27770" status="PASS">
          <reporter-output>
          </reporter-output>
        </test-method> <!-- staff -->
        <test-method signature="canteenStaff()[pri:5, instance:com.tcartSite.Tcarts_Food_PreOrder@1dc3502b]" started-at="2023-09-18T15:25:15 IST" name="canteenStaff" finished-at="2023-09-18T15:25:33 IST" duration-ms="18203" status="FAIL">
          <exception class="org.openqa.selenium.ElementNotInteractableException">
            <message>
              <![CDATA[Element <button class="swal2-cancel swal2-styled" type="button"> could not be scrolled into view
Build info: version: '4.11.0', revision: '040bc5406b'
System info: os.name: 'Linux', os.arch: 'amd64', os.version: '5.15.0-83-generic', java.version: '17.0.8'
Driver info: org.openqa.selenium.firefox.FirefoxDriver
Command: [37b3eca4-eeca-4e91-b12e-5a65dd94e3d4, clickElement {id=59ff461b-3acc-4624-9550-366df69961f3}]
Capabilities {acceptInsecureCerts: true, browserName: firefox, browserVersion: 117.0.1, moz:accessibilityChecks: false, moz:buildID: 20230912013654, moz:debuggerAddress: 127.0.0.1:16446, moz:geckodriverVersion: 0.33.0, moz:headless: false, moz:platformVersion: 5.15.0-83-generic, moz:processID: 4607, moz:profile: /tmp/rust_mozprofilesP1Uva, moz:shutdownTimeout: 60000, moz:webdriverClick: true, moz:windowless: false, pageLoadStrategy: normal, platformName: linux, proxy: Proxy(), se:cdp: ws://127.0.0.1:16446/devtoo..., se:cdpVersion: 85.0, setWindowRect: true, strictFileInteractability: false, timeouts: {implicit: 0, pageLoad: 300000, script: 30000}, unhandledPromptBehavior: dismiss and notify}
Element: [[FirefoxDriver: firefox on linux (37b3eca4-eeca-4e91-b12e-5a65dd94e3d4)] -> xpath: //button[normalize-space()='Cancel']]
Session ID: 37b3eca4-eeca-4e91-b12e-5a65dd94e3d4]]>
            </message>
            <full-stacktrace>
              <![CDATA[org.openqa.selenium.ElementNotInteractableException: Element <button class="swal2-cancel swal2-styled" type="button"> could not be scrolled into view
Build info: version: '4.11.0', revision: '040bc5406b'
System info: os.name: 'Linux', os.arch: 'amd64', os.version: '5.15.0-83-generic', java.version: '17.0.8'
Driver info: org.openqa.selenium.firefox.FirefoxDriver
Command: [37b3eca4-eeca-4e91-b12e-5a65dd94e3d4, clickElement {id=59ff461b-3acc-4624-9550-366df69961f3}]
Capabilities {acceptInsecureCerts: true, browserName: firefox, browserVersion: 117.0.1, moz:accessibilityChecks: false, moz:buildID: 20230912013654, moz:debuggerAddress: 127.0.0.1:16446, moz:geckodriverVersion: 0.33.0, moz:headless: false, moz:platformVersion: 5.15.0-83-generic, moz:processID: 4607, moz:profile: /tmp/rust_mozprofilesP1Uva, moz:shutdownTimeout: 60000, moz:webdriverClick: true, moz:windowless: false, pageLoadStrategy: normal, platformName: linux, proxy: Proxy(), se:cdp: ws://127.0.0.1:16446/devtoo..., se:cdpVersion: 85.0, setWindowRect: true, strictFileInteractability: false, timeouts: {implicit: 0, pageLoad: 300000, script: 30000}, unhandledPromptBehavior: dismiss and notify}
Element: [[FirefoxDriver: firefox on linux (37b3eca4-eeca-4e91-b12e-5a65dd94e3d4)] -> xpath: //button[normalize-space()='Cancel']]
Session ID: 37b3eca4-eeca-4e91-b12e-5a65dd94e3d4
at java.base/jdk.internal.reflect.NativeConstructorAccessorImpl.newInstance0(Native Method)
at java.base/jdk.internal.reflect.NativeConstructorAccessorImpl.newInstance(NativeConstructorAccessorImpl.java:77)
at java.base/jdk.internal.reflect.DelegatingConstructorAccessorImpl.newInstance(DelegatingConstructorAccessorImpl.java:45)
at java.base/java.lang.reflect.Constructor.newInstanceWithCaller(Constructor.java:499)
at java.base/java.lang.reflect.Constructor.newInstance(Constructor.java:480)
at org.openqa.selenium.remote.codec.w3c.W3CHttpResponseCodec.createException(W3CHttpResponseCodec.java:200)
at org.openqa.selenium.remote.codec.w3c.W3CHttpResponseCodec.decode(W3CHttpResponseCodec.java:133)
at org.openqa.selenium.remote.codec.w3c.W3CHttpResponseCodec.decode(W3CHttpResponseCodec.java:52)
at org.openqa.selenium.remote.HttpCommandExecutor.execute(HttpCommandExecutor.java:191)
at org.openqa.selenium.remote.service.DriverCommandExecutor.invokeExecute(DriverCommandExecutor.java:196)
at org.openqa.selenium.remote.service.DriverCommandExecutor.execute(DriverCommandExecutor.java:171)
at org.openqa.selenium.remote.RemoteWebDriver.execute(RemoteWebDriver.java:518)
at org.openqa.selenium.remote.RemoteWebElement.execute(RemoteWebElement.java:224)
at org.openqa.selenium.remote.RemoteWebElement.click(RemoteWebElement.java:77)
at com.tcartSite.Tcarts_Food_PreOrder.canteenStaff(Tcarts_Food_PreOrder.java:315)
at java.base/jdk.internal.reflect.NativeMethodAccessorImpl.invoke0(Native Method)
at java.base/jdk.internal.reflect.NativeMethodAccessorImpl.invoke(NativeMethodAccessorImpl.java:77)
at java.base/jdk.internal.reflect.DelegatingMethodAccessorImpl.invoke(DelegatingMethodAccessorImpl.java:43)
at java.base/java.lang.reflect.Method.invoke(Method.java:568)
at org.testng.internal.invokers.MethodInvocationHelper.invokeMethod(MethodInvocationHelper.java:139)
at org.testng.internal.invokers.TestInvoker.invokeMethod(TestInvoker.java:664)
at org.testng.internal.invokers.TestInvoker.invokeTestMethod(TestInvoker.java:227)
at org.testng.internal.invokers.MethodRunner.runInSequence(MethodRunner.java:50)
at org.testng.internal.invokers.TestInvoker$MethodInvocationAgent.invoke(TestInvoker.java:957)
at org.testng.internal.invokers.TestInvoker.invokeTestMethods(TestInvoker.java:200)
at org.testng.internal.invokers.TestMethodWorker.invokeTestMethods(TestMethodWorker.java:148)
at org.testng.internal.invokers.TestMethodWorker.run(TestMethodWorker.java:128)
at java.base/java.util.ArrayList.forEach(ArrayList.java:1511)
at org.testng.TestRunner.privateRun(TestRunner.java:848)
at org.testng.TestRunner.run(TestRunner.java:621)
at org.testng.SuiteRunner.runTest(SuiteRunner.java:443)
at org.testng.SuiteRunner.runSequentially(SuiteRunner.java:437)
at org.testng.SuiteRunner.privateRun(SuiteRunner.java:397)
at org.testng.SuiteRunner.run(SuiteRunner.java:336)
at org.testng.SuiteRunnerWorker.runSuite(SuiteRunnerWorker.java:52)
at org.testng.SuiteRunnerWorker.run(SuiteRunnerWorker.java:95)
at org.testng.TestNG.runSuitesSequentially(TestNG.java:1280)
at org.testng.TestNG.runSuitesLocally(TestNG.java:1200)
at org.testng.TestNG.runSuites(TestNG.java:1114)
at org.testng.TestNG.run(TestNG.java:1082)
at org.testng.remote.AbstractRemoteTestNG.run(AbstractRemoteTestNG.java:115)
at org.testng.remote.RemoteTestNG.initAndRun(RemoteTestNG.java:251)
at org.testng.remote.RemoteTestNG.main(RemoteTestNG.java:77)
]]>
            </full-stacktrace>
          </exception> <!-- org.openqa.selenium.ElementNotInteractableException -->
          <reporter-output>
          </reporter-output>
        </test-method> <!-- canteenStaff -->
        <test-method signature="guest()[pri:6, instance:com.tcartSite.Tcarts_Food_PreOrder@1dc3502b]" started-at="2023-09-18T15:25:33 IST" name="guest" finished-at="2023-09-18T15:25:41 IST" duration-ms="8346" status="PASS">
          <reporter-output>
          </reporter-output>
        </test-method> <!-- guest -->
        <test-method signature="canteen()[pri:7, instance:com.tcartSite.Tcarts_Food_PreOrder@1dc3502b]" started-at="2023-09-18T15:25:41 IST" name="canteen" finished-at="2023-09-18T15:26:36 IST" duration-ms="54805" status="PASS">
          <reporter-output>
          </reporter-output>
        </test-method> <!-- canteen -->
        <test-method signature="Dishes()[pri:8, instance:com.tcartSite.Tcarts_Food_PreOrder@1dc3502b]" started-at="2023-09-18T15:26:36 IST" name="Dishes" finished-at="2023-09-18T15:27:15 IST" duration-ms="38461" status="PASS">
          <reporter-output>
          </reporter-output>
        </test-method> <!-- Dishes -->
        <test-method signature="gst()[pri:9, instance:com.tcartSite.Tcarts_Food_PreOrder@1dc3502b]" started-at="2023-09-18T15:27:15 IST" name="gst" finished-at="2023-09-18T15:27:27 IST" duration-ms="12026" status="PASS">
          <reporter-output>
          </reporter-output>
        </test-method> <!-- gst -->
        <test-method signature="stockreports()[pri:10, instance:com.tcartSite.Tcarts_Food_PreOrder@1dc3502b]" started-at="2023-09-18T15:27:27 IST" name="stockreports" finished-at="2023-09-18T15:27:59 IST" duration-ms="32631" status="PASS">
          <reporter-output>
          </reporter-output>
        </test-method> <!-- stockreports -->
        <test-method signature="salesReport()[pri:11, instance:com.tcartSite.Tcarts_Food_PreOrder@1dc3502b]" started-at="2023-09-18T15:27:59 IST" name="salesReport" finished-at="2023-09-18T15:28:18 IST" duration-ms="19168" status="PASS">
          <reporter-output>
          </reporter-output>
        </test-method> <!-- salesReport -->
        <test-method signature="gstReport()[pri:12, instance:com.tcartSite.Tcarts_Food_PreOrder@1dc3502b]" started-at="2023-09-18T15:28:18 IST" name="gstReport" finished-at="2023-09-18T15:28:27 IST" duration-ms="8107" status="PASS">
          <reporter-output>
          </reporter-output>
        </test-method> <!-- gstReport -->
        <test-method signature="feedback()[pri:13, instance:com.tcartSite.Tcarts_Food_PreOrder@1dc3502b]" started-at="2023-09-18T15:28:27 IST" name="feedback" finished-at="2023-09-18T15:28:42 IST" duration-ms="15131" status="PASS">
          <reporter-output>
          </reporter-output>
        </test-method> <!-- feedback -->
        <test-method signature="logout()[pri:14, instance:com.tcartSite.Tcarts_Food_PreOrder@1dc3502b]" started-at="2023-09-18T15:28:42 IST" name="logout" finished-at="2023-09-18T15:28:48 IST" duration-ms="6357" status="PASS">
          <reporter-output>
          </reporter-output>
        </test-method> <!-- logout -->
      </class> <!-- com.tcartSite.Tcarts_Food_PreOrder -->
    </test> <!-- Test -->
  </suite> <!-- Suite -->
</testng-results>
